[debug] [2022-04-19T07:50:56.629Z] ----------------------------------------------------------------------
[debug] [2022-04-19T07:50:56.632Z] Command:       C:\Program Files\nodejs\node.exe C:\Users\Asus\AppData\Roaming\npm\node_modules\firebase-tools\lib\bin\firebase.js init
[debug] [2022-04-19T07:50:56.632Z] CLI Version:   10.6.0
[debug] [2022-04-19T07:50:56.632Z] Platform:      win32
[debug] [2022-04-19T07:50:56.632Z] Node Version:  v17.7.1
[debug] [2022-04-19T07:50:56.634Z] Time:          Tue Apr 19 2022 13:50:56 GMT+0600 (Bangladesh Standard Time)
[debug] [2022-04-19T07:50:56.634Z] ----------------------------------------------------------------------
[debug] 
[debug] [2022-04-19T07:50:56.642Z] > command requires scopes: ["email","openid","https://www.googleapis.com/auth/cloudplatformprojects.readonly","https://www.googleapis.com/auth/firebase","https://www.googleapis.com/auth/cloud-platform"]
[debug] [2022-04-19T07:50:56.642Z] > authorizing via signed-in user (azizulkarim97@gmail.com)
[info] 
     ######## #### ########  ######## ########     ###     ######  ########
     ##        ##  ##     ## ##       ##     ##  ##   ##  ##       ##
     ######    ##  ########  ######   ########  #########  ######  ######
     ##        ##  ##    ##  ##       ##     ## ##     ##       ## ##
     ##       #### ##     ## ######## ########  ##     ##  ######  ########

You're about to initialize a Firebase project in this directory:

  E:\Programming-Hero\assignment2022-10

[info] 
=== Project Setup
[info] 
[info] First, let's associate this project directory with a Firebase project.
[info] You can create multiple project aliases by running firebase use --add, 
[info] but for now we'll just set up a default project.
[info] 
[debug] [2022-04-19T07:51:09.798Z] >>> [apiv2][query] GET https://firebase.googleapis.com/v1beta1/projects pageSize=100
[debug] [2022-04-19T07:51:11.376Z] <<< [apiv2][status] GET https://firebase.googleapis.com/v1beta1/projects 200
[debug] [2022-04-19T07:51:11.376Z] <<< [apiv2][body] GET https://firebase.googleapis.com/v1beta1/projects [omitted]
